<?xml version="1.0" encoding="UTF-8"?>
<!-- Generated by org.testng.reporters.JUnitReportReporter -->
<testsuite hostname="DESKTOP-NL56T62" failures="0" tests="2" name="joebprojects.AppiumTest" time="0.012" errors="0" timestamp="9 Feb 2021 03:37:06 GMT">
  <testcase classname="joebprojects.AppiumTest" name="AppiumTest2" time="0.000"/>
  <testcase classname="joebprojects.AppiumTest" name="AppiumTest1" time="0.012"/>
</testsuite> <!-- joebprojects.AppiumTest -->
