<?xml version="1.0" encoding="UTF-8"?>
<!-- Generated by org.testng.reporters.JUnitReportReporter -->
<testsuite hostname="DESKTOP-NL56T62" failures="0" tests="1" name="joebprojects.SeleniumTest" time="0.001" errors="0" timestamp="9 Feb 2021 03:37:06 GMT">
  <testcase classname="joebprojects.SeleniumTest" name="SeleniumTest2" time="0.001"/>
</testsuite> <!-- joebprojects.SeleniumTest -->
