<?xml version="1.0" encoding="UTF-8"?>
<!-- Generated by org.testng.reporters.JUnitReportReporter -->
<testsuite hostname="DESKTOP-NL56T62" failures="0" tests="2" name="joebprojects.RestAssuredTest" time="0.003" errors="0" timestamp="9 Feb 2021 03:37:06 GMT">
  <testcase classname="joebprojects.RestAssuredTest" name="ApiTest1" time="0.001"/>
  <testcase classname="joebprojects.RestAssuredTest" name="ApiTest2" time="0.002"/>
</testsuite> <!-- joebprojects.RestAssuredTest -->
